<?xml version="1.0" encoding="UTF-8"?>
<!-- Generated by org.testng.reporters.JUnitReportReporter -->
<testsuite hostname="infenix-PC" failures="0" tests="5" name="testCaseProdact.LogInTest" time="4.038" errors="0" timestamp="2024-06-10T17:10:38 EET" skipped="0">
  <testcase classname="testCaseProdact.LogInTest" name="setUpTest" time="1.619"/>
  <system-out/>
  <testcase classname="testCaseProdact.LogInTest" name="logINTest" time="0.230"/>
  <system-out/>
  <testcase classname="testCaseProdact.LogInTest" name="VireficationTheTextPradact" time="0.032"/>
  <system-out/>
  <testcase classname="testCaseProdact.LogInTest" name="SortProdact" time="1.120"/>
  <system-out/>
  <testcase classname="testCaseProdact.LogInTest" name="VerificationiLowPrice" time="1.037"/>
  <system-out/>
</testsuite> <!-- testCaseProdact.LogInTest -->
