<?xml version="1.0" encoding="UTF-8"?>
<!-- Generated by org.testng.reporters.JUnitReportReporter -->
<testsuite hostname="infenix-PC" failures="0" tests="5" name="testCaseProdact.LogInTest" time="3.704" errors="0" timestamp="2024-06-14T19:33:20 EET" skipped="0">
  <testcase classname="testCaseProdact.LogInTest" name="setUpTest" time="0.944"/>
  <system-out/>
  <testcase classname="testCaseProdact.LogInTest" name="logINTest" time="0.457"/>
  <system-out/>
  <testcase classname="testCaseProdact.LogInTest" name="VireficationTheTextPradact" time="0.081"/>
  <system-out/>
  <testcase classname="testCaseProdact.LogInTest" name="SortProdact" time="1.169"/>
  <system-out/>
  <testcase classname="testCaseProdact.LogInTest" name="VerificationiLowPrice" time="1.053"/>
  <system-out/>
</testsuite> <!-- testCaseProdact.LogInTest -->
